<?xml version="1.0" encoding="UTF-8"?>
<testsuite name="JsonTest" tests="1" skipped="0" failures="0" errors="0" timestamp="2023-06-01T19:59:53" hostname="USER-PC" time="0.461">
  <properties/>
  <testcase name="checkJson()" classname="JsonTest" time="0.461"/>
  <system-out><![CDATA[]]></system-out>
  <system-err><![CDATA[]]></system-err>
</testsuite>
